<?xml version="1.0" encoding="UTF-8"?>
<!-- Generated by org.testng.reporters.JUnitReportReporter -->
<testsuite hostname="DESKTOP-1I1N647" failures="0" tests="8" name="javaPackage.TestNG5" time="0.104" errors="0" timestamp="2022-02-10T13:31:20 IST" skipped="0">
  <testcase classname="javaPackage.TestNG5" name="b" time="0.045"/>
  <system-out/>
  <testcase classname="javaPackage.TestNG5" name="a" time="0.008"/>
  <system-out/>
  <testcase classname="javaPackage.TestNG5" name="s" time="0.018"/>
  <system-out/>
  <testcase classname="javaPackage.TestNG5" name="e" time="0.007"/>
  <system-out/>
  <testcase classname="javaPackage.TestNG5" name="z" time="0.005"/>
  <system-out/>
  <testcase classname="javaPackage.TestNG5" name="a3" time="0.007"/>
  <system-out/>
  <testcase classname="javaPackage.TestNG5" name="f" time="0.003"/>
  <system-out/>
  <testcase classname="javaPackage.TestNG5" name="d" time="0.011"/>
  <system-out/>
</testsuite> <!-- javaPackage.TestNG5 -->
