<?xml version="1.0" encoding="UTF-8"?>
<!-- Generated by org.testng.reporters.JUnitReportReporter -->
<testsuite hostname="DESKTOP-1I1N647" failures="0" tests="5" name="javaPackage.TestNG7" time="0.024" errors="0" timestamp="2022-02-10T13:31:20 IST" skipped="1">
  <testcase classname="javaPackage.TestNG7" name="c" time="0.007"/>
  <system-out/>
  <testcase classname="javaPackage.TestNG7" name="d" time="0.006"/>
  <system-out/>
  <testcase classname="javaPackage.TestNG7" name="c" time="0.004"/>
  <system-out/>
  <testcase classname="javaPackage.TestNG7" name="a" time="0.007"/>
  <system-out/>
  <testcase classname="javaPackage.TestNG7" name="b">
    <skipped/>
  </testcase> <!-- b -->
  <system-out/>
</testsuite> <!-- javaPackage.TestNG7 -->
