<?xml version="1.0" encoding="UTF-8"?>
<!-- Generated by org.testng.reporters.JUnitReportReporter -->
<testsuite hostname="DESKTOP-1I1N647" failures="0" tests="2" name="javaPackage.TestNG1" time="0.029" errors="0" timestamp="2022-02-10T13:31:20 IST" skipped="0">
  <testcase classname="javaPackage.TestNG1" name="a2" time="0.015"/>
  <system-out/>
  <testcase classname="javaPackage.TestNG1" name="a1" time="0.014"/>
  <system-out/>
</testsuite> <!-- javaPackage.TestNG1 -->
