<?xml version="1.0" encoding="UTF-8"?>
<!-- Generated by org.testng.reporters.JUnitReportReporter -->
<testsuite hostname="DESKTOP-1I1N647" failures="0" tests="1" name="javaPackage.Assertion1" time="37.539" errors="0" timestamp="2022-03-14T02:01:38 IST" skipped="0">
  <testcase classname="javaPackage.Assertion1" name="testCase1" time="37.539"/>
  <system-out/>
</testsuite> <!-- javaPackage.Assertion1 -->
