<?xml version="1.0" encoding="UTF-8"?>
<!-- Generated by org.testng.reporters.JUnitReportReporter -->
<testsuite hostname="DESKTOP-1I1N647" failures="0" tests="2" name="javaPackage.TestNG6" time="0.006" errors="0" timestamp="2022-02-10T13:36:55 IST" skipped="2">
  <testcase classname="javaPackage.TestNG6" name="e" time="0.006">
    <skipped/>
  </testcase> <!-- e -->
  <system-out/>
  <testcase classname="javaPackage.TestNG6" name="b">
    <skipped/>
  </testcase> <!-- b -->
  <system-out/>
</testsuite> <!-- javaPackage.TestNG6 -->
