<?xml version="1.0" encoding="UTF-8"?>
<!-- Generated by org.testng.reporters.JUnitReportReporter -->
<testsuite hostname="DESKTOP-1I1N647" failures="0" tests="4" name="javaPackage.TestNG4" time="0.072" errors="0" timestamp="2022-02-10T13:31:20 IST" skipped="0">
  <testcase classname="javaPackage.TestNG4" name="z" time="0.008"/>
  <system-out/>
  <testcase classname="javaPackage.TestNG4" name="b" time="0.019"/>
  <system-out/>
  <testcase classname="javaPackage.TestNG4" name="a3" time="0.008"/>
  <system-out/>
  <testcase classname="javaPackage.TestNG4" name="a2" time="0.037"/>
  <system-out/>
</testsuite> <!-- javaPackage.TestNG4 -->
