<?xml version="1.0" encoding="UTF-8"?>
<!-- Generated by org.testng.reporters.JUnitReportReporter -->
<testsuite hostname="DESKTOP-1I1N647" failures="0" tests="3" name="javaPackage.TestNG10" time="93.945" errors="0" timestamp="2022-02-15T00:10:26 IST" skipped="0">
  <testcase classname="javaPackage.TestNG10" name="enterCred" time="27.887"/>
  <system-out/>
  <testcase classname="javaPackage.TestNG10" name="enterCred" time="24.265"/>
  <system-out/>
  <testcase classname="javaPackage.TestNG10" name="enterCred" time="41.793"/>
  <system-out/>
</testsuite> <!-- javaPackage.TestNG10 -->
