<?xml version="1.0" encoding="UTF-8"?>
<!-- Generated by org.testng.reporters.JUnitReportReporter -->
<testsuite hostname="DESKTOP-1I1N647" failures="0" tests="2" name="javaPackage.TestNG9" time="0.072" errors="0" timestamp="2022-02-11T00:27:16 IST" skipped="0">
  <testcase classname="javaPackage.TestNG9" name="a" time="0.036"/>
  <system-out/>
  <testcase classname="javaPackage.TestNG9" name="b" time="0.036"/>
  <system-out/>
</testsuite> <!-- javaPackage.TestNG9 -->
