<?xml version="1.0" encoding="UTF-8"?>
<!-- Generated by org.testng.reporters.JUnitReportReporter -->
<testsuite hostname="DESKTOP-1I1N647" failures="0" tests="1" name="javaPackage.TestNG3" time="0.020" errors="0" timestamp="2022-02-10T13:31:20 IST" skipped="0">
  <testcase classname="javaPackage.TestNG3" name="assertionCheck" time="0.020"/>
  <system-out/>
</testsuite> <!-- javaPackage.TestNG3 -->
